{"C:\\Users\\ilyar\\OneDrive\\Desktop\\container_2\\src\\errorRepository.js": {"path":"C:\\Users\\ilyar\\OneDrive\\Desktop\\container_2\\src\\errorRepository.js","statementMap":{"0":{"start":{"line":3,"column":6},"end":{"line":8,"column":9}},"1":{"start":{"line":12,"column":6},"end":{"line":14,"column":7}},"2":{"start":{"line":13,"column":8},"end":{"line":13,"column":37}},"3":{"start":{"line":15,"column":6},"end":{"line":15,"column":29}}},"fnMap":{"0":{"name":"(anonymous_0)","decl":{"start":{"line":2,"column":4},"end":{"line":2,"column":5}},"loc":{"start":{"line":2,"column":18},"end":{"line":9,"column":5}},"line":2},"1":{"name":"(anonymous_1)","decl":{"start":{"line":11,"column":4},"end":{"line":11,"column":5}},"loc":{"start":{"line":11,"column":20},"end":{"line":16,"column":5}},"line":11}},"branchMap":{"0":{"loc":{"start":{"line":12,"column":6},"end":{"line":14,"column":7}},"type":"if","locations":[{"start":{"line":12,"column":6},"end":{"line":14,"column":7}},{"start":{},"end":{}}],"line":12}},"s":{"0":2,"1":4,"2":2,"3":2},"f":{"0":2,"1":4},"b":{"0":[2,2]},"_coverageSchema":"1a1c01bbd47fc00a2c39e90264f33305004495a9","hash":"9ff6589e29713fd5f4e8890df27c609ef52ca14a"}
}
